0 info it worked if it ends with ok
1 verbose cli [ 'D:\\Surasak\\program\\node-v6.10.0-win-x64\\node.exe',
1 verbose cli   'D:\\Surasak\\program\\node-v6.10.0-win-x64\\node_modules\\npm\\bin\\npm-cli.js',
1 verbose cli   'install',
1 verbose cli   '-g',
1 verbose cli   'thor' ]
2 info using npm@3.10.10
3 info using node@v6.10.0
4 silly loadCurrentTree Starting
5 silly install loadCurrentTree
6 silly install readGlobalPackageData
7 silly fetchPackageMetaData thor
8 silly fetchNamedPackageData thor
9 silly mapToRegistry name thor
10 silly mapToRegistry using default registry
11 silly mapToRegistry registry http://registry.npmjs.org/
12 silly mapToRegistry data Result {
12 silly mapToRegistry   raw: 'thor',
12 silly mapToRegistry   scope: null,
12 silly mapToRegistry   escapedName: 'thor',
12 silly mapToRegistry   name: 'thor',
12 silly mapToRegistry   rawSpec: '',
12 silly mapToRegistry   spec: 'latest',
12 silly mapToRegistry   type: 'tag' }
13 silly mapToRegistry uri http://registry.npmjs.org/thor
14 verbose request uri http://registry.npmjs.org/thor
15 verbose request no auth needed
16 info attempt registry request try #1 at 4:00:56 PM
17 verbose request id db34da4715157b24
18 verbose etag W/"59234469-1dc1"
19 verbose lastModified Mon, 22 May 2017 20:04:57 GMT
20 http request GET http://registry.npmjs.org/thor
21 http 200 http://registry.npmjs.org/thor
22 verbose headers { server: 'nginx/1.10.3',
22 verbose headers   'content-type': 'application/json',
22 verbose headers   'last-modified': 'Mon, 22 May 2017 20:04:57 GMT',
22 verbose headers   etag: 'W/"59234469-1dc1"',
22 verbose headers   'cache-control': 'max-age=300',
22 verbose headers   'content-length': '2896',
22 verbose headers   'accept-ranges': 'bytes',
22 verbose headers   date: 'Tue, 05 Sep 2017 09:00:56 GMT',
22 verbose headers   via: '1.1 varnish',
22 verbose headers   'x-served-by': 'cache-sin18021-SIN',
22 verbose headers   'x-cache': 'MISS',
22 verbose headers   'x-cache-hits': '0',
22 verbose headers   'x-timer': 'S1504602057.544802,VS0,VE204',
22 verbose headers   vary: 'Accept-Encoding, Accept',
22 verbose headers   connection: 'Keep-Alive',
22 verbose headers   'content-encoding': 'gzip',
22 verbose headers   age: '0' }
23 silly get cb [ 200,
23 silly get   { server: 'nginx/1.10.3',
23 silly get     'content-type': 'application/json',
23 silly get     'last-modified': 'Mon, 22 May 2017 20:04:57 GMT',
23 silly get     etag: 'W/"59234469-1dc1"',
23 silly get     'cache-control': 'max-age=300',
23 silly get     'content-length': '2896',
23 silly get     'accept-ranges': 'bytes',
23 silly get     date: 'Tue, 05 Sep 2017 09:00:56 GMT',
23 silly get     via: '1.1 varnish',
23 silly get     'x-served-by': 'cache-sin18021-SIN',
23 silly get     'x-cache': 'MISS',
23 silly get     'x-cache-hits': '0',
23 silly get     'x-timer': 'S1504602057.544802,VS0,VE204',
23 silly get     vary: 'Accept-Encoding, Accept',
23 silly get     connection: 'Keep-Alive',
23 silly get     'content-encoding': 'gzip',
23 silly get     age: '0' } ]
24 verbose get saving thor to C:\Users\DT213142\AppData\Roaming\npm-cache\registry.npmjs.org\thor\.cache.json
25 verbose correctMkdir C:\Users\DT213142\AppData\Roaming\npm-cache correctMkdir not in flight; initializing
26 silly install normalizeTree
27 silly loadCurrentTree Finishing
28 silly loadIdealTree Starting
29 silly install loadIdealTree
30 silly cloneCurrentTree Starting
31 silly install cloneCurrentTreeToIdealTree
32 silly cloneCurrentTree Finishing
33 silly loadShrinkwrap Starting
34 silly install loadShrinkwrap
35 silly loadShrinkwrap Finishing
36 silly loadAllDepsIntoIdealTree Starting
37 silly install loadAllDepsIntoIdealTree
38 silly resolveWithNewModule thor@1.0.0 checking installable status
39 silly cache add args [ 'thor', null ]
40 verbose cache add spec thor
41 silly cache add parsed spec Result {
41 silly cache add   raw: 'thor',
41 silly cache add   scope: null,
41 silly cache add   escapedName: 'thor',
41 silly cache add   name: 'thor',
41 silly cache add   rawSpec: '',
41 silly cache add   spec: 'latest',
41 silly cache add   type: 'tag' }
42 silly addNamed thor@latest
43 verbose addNamed "latest" is being treated as a dist-tag for thor
44 info addNameTag [ 'thor', 'latest' ]
45 silly mapToRegistry name thor
46 silly mapToRegistry using default registry
47 silly mapToRegistry registry http://registry.npmjs.org/
48 silly mapToRegistry data Result {
48 silly mapToRegistry   raw: 'thor',
48 silly mapToRegistry   scope: null,
48 silly mapToRegistry   escapedName: 'thor',
48 silly mapToRegistry   name: 'thor',
48 silly mapToRegistry   rawSpec: '',
48 silly mapToRegistry   spec: 'latest',
48 silly mapToRegistry   type: 'tag' }
49 silly mapToRegistry uri http://registry.npmjs.org/thor
50 verbose addNameTag registry:http://registry.npmjs.org/thor not in flight; fetching
51 verbose get http://registry.npmjs.org/thor not expired, no request
52 silly addNameTag next cb for thor with tag latest
53 silly addNamed thor@1.0.0
54 verbose addNamed "1.0.0" is a plain semver version for thor
55 silly cache afterAdd thor@1.0.0
56 verbose afterAdd C:\Users\DT213142\AppData\Roaming\npm-cache\thor\1.0.0\package\package.json not in flight; writing
57 verbose correctMkdir C:\Users\DT213142\AppData\Roaming\npm-cache correctMkdir not in flight; initializing
58 verbose afterAdd C:\Users\DT213142\AppData\Roaming\npm-cache\thor\1.0.0\package\package.json written
59 silly fetchNamedPackageData commander
60 silly mapToRegistry name commander
61 silly mapToRegistry using default registry
62 silly mapToRegistry registry http://registry.npmjs.org/
63 silly mapToRegistry data Result {
63 silly mapToRegistry   raw: 'commander',
63 silly mapToRegistry   scope: null,
63 silly mapToRegistry   escapedName: 'commander',
63 silly mapToRegistry   name: 'commander',
63 silly mapToRegistry   rawSpec: '',
63 silly mapToRegistry   spec: 'latest',
63 silly mapToRegistry   type: 'tag' }
64 silly mapToRegistry uri http://registry.npmjs.org/commander
65 silly fetchNamedPackageData async
66 silly mapToRegistry name async
67 silly mapToRegistry using default registry
68 silly mapToRegistry registry http://registry.npmjs.org/
69 silly mapToRegistry data Result {
69 silly mapToRegistry   raw: 'async',
69 silly mapToRegistry   scope: null,
69 silly mapToRegistry   escapedName: 'async',
69 silly mapToRegistry   name: 'async',
69 silly mapToRegistry   rawSpec: '',
69 silly mapToRegistry   spec: 'latest',
69 silly mapToRegistry   type: 'tag' }
70 silly mapToRegistry uri http://registry.npmjs.org/async
71 silly fetchNamedPackageData tab
72 silly mapToRegistry name tab
73 silly mapToRegistry using default registry
74 silly mapToRegistry registry http://registry.npmjs.org/
75 silly mapToRegistry data Result {
75 silly mapToRegistry   raw: 'tab',
75 silly mapToRegistry   scope: null,
75 silly mapToRegistry   escapedName: 'tab',
75 silly mapToRegistry   name: 'tab',
75 silly mapToRegistry   rawSpec: '',
75 silly mapToRegistry   spec: 'latest',
75 silly mapToRegistry   type: 'tag' }
76 silly mapToRegistry uri http://registry.npmjs.org/tab
77 silly fetchNamedPackageData colors
78 silly mapToRegistry name colors
79 silly mapToRegistry using default registry
80 silly mapToRegistry registry http://registry.npmjs.org/
81 silly mapToRegistry data Result {
81 silly mapToRegistry   raw: 'colors',
81 silly mapToRegistry   scope: null,
81 silly mapToRegistry   escapedName: 'colors',
81 silly mapToRegistry   name: 'colors',
81 silly mapToRegistry   rawSpec: '',
81 silly mapToRegistry   spec: 'latest',
81 silly mapToRegistry   type: 'tag' }
82 silly mapToRegistry uri http://registry.npmjs.org/colors
83 silly fetchNamedPackageData sugar
84 silly mapToRegistry name sugar
85 silly mapToRegistry using default registry
86 silly mapToRegistry registry http://registry.npmjs.org/
87 silly mapToRegistry data Result {
87 silly mapToRegistry   raw: 'sugar',
87 silly mapToRegistry   scope: null,
87 silly mapToRegistry   escapedName: 'sugar',
87 silly mapToRegistry   name: 'sugar',
87 silly mapToRegistry   rawSpec: '',
87 silly mapToRegistry   spec: 'latest',
87 silly mapToRegistry   type: 'tag' }
88 silly mapToRegistry uri http://registry.npmjs.org/sugar
89 silly fetchOtherPackageData ws@git://github.com/3rd-Eden/ws.git
90 silly cache add args [ 'ws@git://github.com/3rd-Eden/ws.git', null ]
91 verbose cache add spec ws@git://github.com/3rd-Eden/ws.git
92 silly fetchOtherPackageData fast-stats@git://github.com/bluesmoon/node-faststats.git
93 silly cache add args [ 'fast-stats@git://github.com/bluesmoon/node-faststats.git',
93 silly cache add   null ]
94 verbose cache add spec fast-stats@git://github.com/bluesmoon/node-faststats.git
95 silly cache add parsed spec Result {
95 silly cache add   raw: 'ws@git://github.com/3rd-Eden/ws.git',
95 silly cache add   scope: null,
95 silly cache add   escapedName: 'ws',
95 silly cache add   name: 'ws',
95 silly cache add   rawSpec: 'git://github.com/3rd-Eden/ws.git',
95 silly cache add   spec: 'git://github.com/3rd-Eden/ws.git',
95 silly cache add   type: 'hosted',
95 silly cache add   hosted:
95 silly cache add    { type: 'github',
95 silly cache add      ssh: 'git@github.com:3rd-Eden/ws.git',
95 silly cache add      sshUrl: 'git+ssh://git@github.com/3rd-Eden/ws.git',
95 silly cache add      httpsUrl: 'git+https://github.com/3rd-Eden/ws.git',
95 silly cache add      gitUrl: 'git://github.com/3rd-Eden/ws.git',
95 silly cache add      shortcut: 'github:3rd-Eden/ws',
95 silly cache add      directUrl: 'https://raw.githubusercontent.com/3rd-Eden/ws/master/package.json' } }
96 verbose addRemoteGit caching git://github.com/3rd-Eden/ws.git
97 verbose addRemoteGit git://github.com/3rd-Eden/ws.git is a repository hosted by github
98 silly tryClone cloning git://github.com/3rd-Eden/ws.git via git://github.com/3rd-Eden/ws.git
99 verbose tryClone git-github-com-3rd-Eden-ws-git-2e9f11e5 not in flight; caching
100 verbose correctMkdir C:\Users\DT213142\AppData\Roaming\npm-cache\_git-remotes correctMkdir not in flight; initializing
101 silly cache add parsed spec Result {
101 silly cache add   raw: 'fast-stats@git://github.com/bluesmoon/node-faststats.git',
101 silly cache add   scope: null,
101 silly cache add   escapedName: 'fast-stats',
101 silly cache add   name: 'fast-stats',
101 silly cache add   rawSpec: 'git://github.com/bluesmoon/node-faststats.git',
101 silly cache add   spec: 'git://github.com/bluesmoon/node-faststats.git',
101 silly cache add   type: 'hosted',
101 silly cache add   hosted:
101 silly cache add    { type: 'github',
101 silly cache add      ssh: 'git@github.com:bluesmoon/node-faststats.git',
101 silly cache add      sshUrl: 'git+ssh://git@github.com/bluesmoon/node-faststats.git',
101 silly cache add      httpsUrl: 'git+https://github.com/bluesmoon/node-faststats.git',
101 silly cache add      gitUrl: 'git://github.com/bluesmoon/node-faststats.git',
101 silly cache add      shortcut: 'github:bluesmoon/node-faststats',
101 silly cache add      directUrl: 'https://raw.githubusercontent.com/bluesmoon/node-faststats/master/package.json' } }
102 verbose addRemoteGit caching git://github.com/bluesmoon/node-faststats.git
103 verbose addRemoteGit git://github.com/bluesmoon/node-faststats.git is a repository hosted by github
104 silly tryClone cloning git://github.com/bluesmoon/node-faststats.git via git://github.com/bluesmoon/node-faststats.git
105 verbose tryClone git-github-com-bluesmoon-node-faststats-git-d01388a3 not in flight; caching
106 verbose correctMkdir C:\Users\DT213142\AppData\Roaming\npm-cache\_git-remotes correctMkdir already in flight; waiting
107 verbose request uri http://registry.npmjs.org/tab
108 verbose request no auth needed
109 info attempt registry request try #1 at 4:00:57 PM
110 verbose etag W/"576c85ae-25d8"
111 verbose lastModified Fri, 24 Jun 2016 00:58:22 GMT
112 http request GET http://registry.npmjs.org/tab
113 verbose request uri http://registry.npmjs.org/async
114 verbose request no auth needed
115 info attempt registry request try #1 at 4:00:57 PM
116 verbose etag W/"59ad3c64-21ebd"
117 verbose lastModified Mon, 04 Sep 2017 11:43:32 GMT
118 http request GET http://registry.npmjs.org/async
119 verbose request uri http://registry.npmjs.org/sugar
120 verbose request no auth needed
121 info attempt registry request try #1 at 4:00:57 PM
122 verbose etag W/"5942a2bf-9db3"
123 verbose lastModified Thu, 15 Jun 2017 15:07:43 GMT
124 http request GET http://registry.npmjs.org/sugar
125 verbose request uri http://registry.npmjs.org/colors
126 verbose request no auth needed
127 info attempt registry request try #1 at 4:00:57 PM
128 verbose etag W/"59a00468-5a90"
129 verbose lastModified Fri, 25 Aug 2017 11:05:12 GMT
130 http request GET http://registry.npmjs.org/colors
131 verbose request uri http://registry.npmjs.org/commander
132 verbose request no auth needed
133 info attempt registry request try #1 at 4:00:57 PM
134 verbose etag W/"59ad3c2f-115d6"
135 verbose lastModified Mon, 04 Sep 2017 11:42:39 GMT
136 http request GET http://registry.npmjs.org/commander
137 info git [ 'config', '--get', 'remote.origin.url' ]
138 info git [ 'config', '--get', 'remote.origin.url' ]
139 warn addRemoteGit Error: Command failed: git -c core.longpaths=true config --get remote.origin.url
139 warn addRemoteGit
139 warn addRemoteGit     at ChildProcess.exithandler (child_process.js:206:12)
139 warn addRemoteGit     at emitTwo (events.js:106:13)
139 warn addRemoteGit     at ChildProcess.emit (events.js:191:7)
139 warn addRemoteGit     at maybeClose (internal/child_process.js:877:16)
139 warn addRemoteGit     at Process.ChildProcess._handle.onexit (internal/child_process.js:226:5)
139 warn addRemoteGit  git://github.com/3rd-Eden/ws.git resetting remote C:\Users\DT213142\AppData\Roaming\npm-cache\_git-remotes\git-github-com-3rd-Eden-ws-git-2e9f11e5 because of error: { Error: Command failed: git -c core.longpaths=true config --get remote.origin.url
139 warn addRemoteGit
139 warn addRemoteGit     at ChildProcess.exithandler (child_process.js:206:12)
139 warn addRemoteGit     at emitTwo (events.js:106:13)
139 warn addRemoteGit     at ChildProcess.emit (events.js:191:7)
139 warn addRemoteGit     at maybeClose (internal/child_process.js:877:16)
139 warn addRemoteGit     at Process.ChildProcess._handle.onexit (internal/child_process.js:226:5)
139 warn addRemoteGit   killed: false,
139 warn addRemoteGit   code: 1,
139 warn addRemoteGit   signal: null,
139 warn addRemoteGit   cmd: 'git -c core.longpaths=true config --get remote.origin.url' }
140 info resetRemote resetting C:\Users\DT213142\AppData\Roaming\npm-cache\_git-remotes\git-github-com-3rd-Eden-ws-git-2e9f11e5 for git://github.com/3rd-Eden/ws.git
141 silly gentlyRm C:\Users\DT213142\AppData\Roaming\npm-cache\_git-remotes\git-github-com-3rd-Eden-ws-git-2e9f11e5 is being purged
142 verbose gentlyRm don't care about contents; nuking C:\Users\DT213142\AppData\Roaming\npm-cache\_git-remotes\git-github-com-3rd-Eden-ws-git-2e9f11e5
143 silly vacuum-fs purging C:\Users\DT213142\AppData\Roaming\npm-cache\_git-remotes\git-github-com-3rd-Eden-ws-git-2e9f11e5
144 silly vacuum-fs quitting because other entries in C:\Users\DT213142\AppData\Roaming\npm-cache\_git-remotes
145 info git [ 'clone',
145 info git   '--template=C:\\Users\\DT213142\\AppData\\Roaming\\npm-cache\\_git-remotes\\_templates',
145 info git   '--mirror',
145 info git   'git://github.com/3rd-Eden/ws.git',
145 info git   'C:\\Users\\DT213142\\AppData\\Roaming\\npm-cache\\_git-remotes\\git-github-com-3rd-Eden-ws-git-2e9f11e5' ]
146 warn addRemoteGit Error: Command failed: git -c core.longpaths=true config --get remote.origin.url
146 warn addRemoteGit
146 warn addRemoteGit     at ChildProcess.exithandler (child_process.js:206:12)
146 warn addRemoteGit     at emitTwo (events.js:106:13)
146 warn addRemoteGit     at ChildProcess.emit (events.js:191:7)
146 warn addRemoteGit     at maybeClose (internal/child_process.js:877:16)
146 warn addRemoteGit     at Socket.<anonymous> (internal/child_process.js:334:11)
146 warn addRemoteGit     at emitOne (events.js:96:13)
146 warn addRemoteGit     at Socket.emit (events.js:188:7)
146 warn addRemoteGit     at Pipe._handle.close [as _onclose] (net.js:498:12)
146 warn addRemoteGit  git://github.com/bluesmoon/node-faststats.git resetting remote C:\Users\DT213142\AppData\Roaming\npm-cache\_git-remotes\git-github-com-bluesmoon-node-faststats-git-d01388a3 because of error: { Error: Command failed: git -c core.longpaths=true config --get remote.origin.url
146 warn addRemoteGit
146 warn addRemoteGit     at ChildProcess.exithandler (child_process.js:206:12)
146 warn addRemoteGit     at emitTwo (events.js:106:13)
146 warn addRemoteGit     at ChildProcess.emit (events.js:191:7)
146 warn addRemoteGit     at maybeClose (internal/child_process.js:877:16)
146 warn addRemoteGit     at Socket.<anonymous> (internal/child_process.js:334:11)
146 warn addRemoteGit     at emitOne (events.js:96:13)
146 warn addRemoteGit     at Socket.emit (events.js:188:7)
146 warn addRemoteGit     at Pipe._handle.close [as _onclose] (net.js:498:12)
146 warn addRemoteGit   killed: false,
146 warn addRemoteGit   code: 1,
146 warn addRemoteGit   signal: null,
146 warn addRemoteGit   cmd: 'git -c core.longpaths=true config --get remote.origin.url' }
147 info resetRemote resetting C:\Users\DT213142\AppData\Roaming\npm-cache\_git-remotes\git-github-com-bluesmoon-node-faststats-git-d01388a3 for git://github.com/bluesmoon/node-faststats.git
148 silly gentlyRm C:\Users\DT213142\AppData\Roaming\npm-cache\_git-remotes\git-github-com-bluesmoon-node-faststats-git-d01388a3 is being purged
149 verbose gentlyRm don't care about contents; nuking C:\Users\DT213142\AppData\Roaming\npm-cache\_git-remotes\git-github-com-bluesmoon-node-faststats-git-d01388a3
150 silly vacuum-fs purging C:\Users\DT213142\AppData\Roaming\npm-cache\_git-remotes\git-github-com-bluesmoon-node-faststats-git-d01388a3
151 silly vacuum-fs quitting because other entries in C:\Users\DT213142\AppData\Roaming\npm-cache\_git-remotes
152 info git [ 'clone',
152 info git   '--template=C:\\Users\\DT213142\\AppData\\Roaming\\npm-cache\\_git-remotes\\_templates',
152 info git   '--mirror',
152 info git   'git://github.com/bluesmoon/node-faststats.git',
152 info git   'C:\\Users\\DT213142\\AppData\\Roaming\\npm-cache\\_git-remotes\\git-github-com-bluesmoon-node-faststats-git-d01388a3' ]
153 http 200 http://registry.npmjs.org/tab
154 verbose headers { server: 'nginx/1.10.3',
154 verbose headers   'content-type': 'application/json',
154 verbose headers   'last-modified': 'Fri, 24 Jun 2016 00:58:22 GMT',
154 verbose headers   etag: 'W/"576c85ae-25d8"',
154 verbose headers   'cache-control': 'max-age=300',
154 verbose headers   'content-length': '2647',
154 verbose headers   'accept-ranges': 'bytes',
154 verbose headers   date: 'Tue, 05 Sep 2017 09:00:57 GMT',
154 verbose headers   via: '1.1 varnish',
154 verbose headers   'x-served-by': 'cache-sin18033-SIN',
154 verbose headers   'x-cache': 'MISS',
154 verbose headers   'x-cache-hits': '0',
154 verbose headers   'x-timer': 'S1504602057.301295,VS0,VE219',
154 verbose headers   vary: 'Accept-Encoding, Accept',
154 verbose headers   connection: 'Keep-Alive',
154 verbose headers   'content-encoding': 'gzip',
154 verbose headers   age: '0' }
155 silly get cb [ 200,
155 silly get   { server: 'nginx/1.10.3',
155 silly get     'content-type': 'application/json',
155 silly get     'last-modified': 'Fri, 24 Jun 2016 00:58:22 GMT',
155 silly get     etag: 'W/"576c85ae-25d8"',
155 silly get     'cache-control': 'max-age=300',
155 silly get     'content-length': '2647',
155 silly get     'accept-ranges': 'bytes',
155 silly get     date: 'Tue, 05 Sep 2017 09:00:57 GMT',
155 silly get     via: '1.1 varnish',
155 silly get     'x-served-by': 'cache-sin18033-SIN',
155 silly get     'x-cache': 'MISS',
155 silly get     'x-cache-hits': '0',
155 silly get     'x-timer': 'S1504602057.301295,VS0,VE219',
155 silly get     vary: 'Accept-Encoding, Accept',
155 silly get     connection: 'Keep-Alive',
155 silly get     'content-encoding': 'gzip',
155 silly get     age: '0' } ]
156 verbose get saving tab to C:\Users\DT213142\AppData\Roaming\npm-cache\registry.npmjs.org\tab\.cache.json
157 verbose correctMkdir C:\Users\DT213142\AppData\Roaming\npm-cache correctMkdir not in flight; initializing
158 silly resolveWithNewModule tab@0.1.0 checking installable status
159 silly cache add args [ 'tab@0.1.x', null ]
160 verbose cache add spec tab@0.1.x
161 silly cache add parsed spec Result {
161 silly cache add   raw: 'tab@0.1.x',
161 silly cache add   scope: null,
161 silly cache add   escapedName: 'tab',
161 silly cache add   name: 'tab',
161 silly cache add   rawSpec: '0.1.x',
161 silly cache add   spec: '>=0.1.0 <0.2.0',
161 silly cache add   type: 'range' }
162 silly addNamed tab@>=0.1.0 <0.2.0
163 verbose addNamed ">=0.1.0 <0.2.0" is a valid semver range for tab
164 silly addNameRange { name: 'tab', range: '>=0.1.0 <0.2.0', hasData: false }
165 silly mapToRegistry name tab
166 silly mapToRegistry using default registry
167 silly mapToRegistry registry http://registry.npmjs.org/
168 silly mapToRegistry data Result {
168 silly mapToRegistry   raw: 'tab',
168 silly mapToRegistry   scope: null,
168 silly mapToRegistry   escapedName: 'tab',
168 silly mapToRegistry   name: 'tab',
168 silly mapToRegistry   rawSpec: '',
168 silly mapToRegistry   spec: 'latest',
168 silly mapToRegistry   type: 'tag' }
169 silly mapToRegistry uri http://registry.npmjs.org/tab
170 verbose addNameRange registry:http://registry.npmjs.org/tab not in flight; fetching
171 verbose get http://registry.npmjs.org/tab not expired, no request
172 silly addNameRange number 2 { name: 'tab', range: '>=0.1.0 <0.2.0', hasData: true }
173 silly addNameRange versions [ 'tab', [ '0.0.1', '0.0.2', '0.1.0', '1.0.0' ] ]
174 silly addNamed tab@0.1.0
175 verbose addNamed "0.1.0" is a plain semver version for tab
176 silly cache afterAdd tab@0.1.0
177 verbose afterAdd C:\Users\DT213142\AppData\Roaming\npm-cache\tab\0.1.0\package\package.json not in flight; writing
178 verbose correctMkdir C:\Users\DT213142\AppData\Roaming\npm-cache correctMkdir not in flight; initializing
179 verbose afterAdd C:\Users\DT213142\AppData\Roaming\npm-cache\tab\0.1.0\package\package.json written
180 http 200 http://registry.npmjs.org/colors
181 verbose headers { server: 'nginx/1.10.3',
181 verbose headers   'content-type': 'application/json',
181 verbose headers   'last-modified': 'Fri, 25 Aug 2017 11:05:12 GMT',
181 verbose headers   etag: 'W/"59a00468-5a90"',
181 verbose headers   'cache-control': 'max-age=300',
181 verbose headers   'content-length': '6202',
181 verbose headers   'accept-ranges': 'bytes',
181 verbose headers   date: 'Tue, 05 Sep 2017 09:00:57 GMT',
181 verbose headers   via: '1.1 varnish',
181 verbose headers   'x-served-by': 'cache-sin18033-SIN',
181 verbose headers   'x-cache': 'HIT',
181 verbose headers   'x-cache-hits': '8',
181 verbose headers   'x-timer': 'S1504602057.301812,VS0,VE0',
181 verbose headers   vary: 'Accept-Encoding, Accept',
181 verbose headers   connection: 'Keep-Alive',
181 verbose headers   'content-encoding': 'gzip',
181 verbose headers   age: '245' }
182 silly get cb [ 200,
182 silly get   { server: 'nginx/1.10.3',
182 silly get     'content-type': 'application/json',
182 silly get     'last-modified': 'Fri, 25 Aug 2017 11:05:12 GMT',
182 silly get     etag: 'W/"59a00468-5a90"',
182 silly get     'cache-control': 'max-age=300',
182 silly get     'content-length': '6202',
182 silly get     'accept-ranges': 'bytes',
182 silly get     date: 'Tue, 05 Sep 2017 09:00:57 GMT',
182 silly get     via: '1.1 varnish',
182 silly get     'x-served-by': 'cache-sin18033-SIN',
182 silly get     'x-cache': 'HIT',
182 silly get     'x-cache-hits': '8',
182 silly get     'x-timer': 'S1504602057.301812,VS0,VE0',
182 silly get     vary: 'Accept-Encoding, Accept',
182 silly get     connection: 'Keep-Alive',
182 silly get     'content-encoding': 'gzip',
182 silly get     age: '245' } ]
183 verbose get saving colors to C:\Users\DT213142\AppData\Roaming\npm-cache\registry.npmjs.org\colors\.cache.json
184 verbose correctMkdir C:\Users\DT213142\AppData\Roaming\npm-cache correctMkdir not in flight; initializing
185 silly resolveWithNewModule colors@0.6.2 checking installable status
186 silly cache add args [ 'colors@0.6.x', null ]
187 verbose cache add spec colors@0.6.x
188 silly cache add parsed spec Result {
188 silly cache add   raw: 'colors@0.6.x',
188 silly cache add   scope: null,
188 silly cache add   escapedName: 'colors',
188 silly cache add   name: 'colors',
188 silly cache add   rawSpec: '0.6.x',
188 silly cache add   spec: '>=0.6.0 <0.7.0',
188 silly cache add   type: 'range' }
189 silly addNamed colors@>=0.6.0 <0.7.0
190 verbose addNamed ">=0.6.0 <0.7.0" is a valid semver range for colors
191 silly addNameRange { name: 'colors', range: '>=0.6.0 <0.7.0', hasData: false }
192 silly mapToRegistry name colors
193 silly mapToRegistry using default registry
194 silly mapToRegistry registry http://registry.npmjs.org/
195 silly mapToRegistry data Result {
195 silly mapToRegistry   raw: 'colors',
195 silly mapToRegistry   scope: null,
195 silly mapToRegistry   escapedName: 'colors',
195 silly mapToRegistry   name: 'colors',
195 silly mapToRegistry   rawSpec: '',
195 silly mapToRegistry   spec: 'latest',
195 silly mapToRegistry   type: 'tag' }
196 silly mapToRegistry uri http://registry.npmjs.org/colors
197 verbose addNameRange registry:http://registry.npmjs.org/colors not in flight; fetching
198 verbose get http://registry.npmjs.org/colors not expired, no request
199 silly addNameRange number 2 { name: 'colors', range: '>=0.6.0 <0.7.0', hasData: true }
200 silly addNameRange versions [ 'colors',
200 silly addNameRange   [ '0.3.0',
200 silly addNameRange     '0.5.0',
200 silly addNameRange     '0.5.1',
200 silly addNameRange     '0.6.0',
200 silly addNameRange     '0.6.0-1',
200 silly addNameRange     '0.6.1',
200 silly addNameRange     '0.6.2',
200 silly addNameRange     '1.0.0',
200 silly addNameRange     '1.0.1',
200 silly addNameRange     '1.0.2',
200 silly addNameRange     '1.0.3',
200 silly addNameRange     '1.1.0',
200 silly addNameRange     '1.1.1',
200 silly addNameRange     '1.1.2' ] ]
201 silly addNamed colors@0.6.2
202 verbose addNamed "0.6.2" is a plain semver version for colors
203 silly cache afterAdd colors@0.6.2
204 verbose afterAdd C:\Users\DT213142\AppData\Roaming\npm-cache\colors\0.6.2\package\package.json not in flight; writing
205 verbose correctMkdir C:\Users\DT213142\AppData\Roaming\npm-cache correctMkdir not in flight; initializing
206 verbose afterAdd C:\Users\DT213142\AppData\Roaming\npm-cache\colors\0.6.2\package\package.json written
207 http 200 http://registry.npmjs.org/async
208 verbose headers { server: 'nginx/1.10.3',
208 verbose headers   'content-type': 'application/json',
208 verbose headers   'last-modified': 'Mon, 04 Sep 2017 11:43:32 GMT',
208 verbose headers   etag: 'W/"59ad3c64-21ebd"',
208 verbose headers   'cache-control': 'max-age=300',
208 verbose headers   'content-length': '16963',
208 verbose headers   'accept-ranges': 'bytes',
208 verbose headers   date: 'Tue, 05 Sep 2017 09:00:57 GMT',
208 verbose headers   via: '1.1 varnish',
208 verbose headers   'x-served-by': 'cache-sin18021-SIN',
208 verbose headers   'x-cache': 'HIT',
208 verbose headers   'x-cache-hits': '23',
208 verbose headers   'x-timer': 'S1504602057.294308,VS0,VE0',
208 verbose headers   vary: 'Accept-Encoding, Accept',
208 verbose headers   connection: 'Keep-Alive',
208 verbose headers   'content-encoding': 'gzip',
208 verbose headers   age: '268' }
209 silly get cb [ 200,
209 silly get   { server: 'nginx/1.10.3',
209 silly get     'content-type': 'application/json',
209 silly get     'last-modified': 'Mon, 04 Sep 2017 11:43:32 GMT',
209 silly get     etag: 'W/"59ad3c64-21ebd"',
209 silly get     'cache-control': 'max-age=300',
209 silly get     'content-length': '16963',
209 silly get     'accept-ranges': 'bytes',
209 silly get     date: 'Tue, 05 Sep 2017 09:00:57 GMT',
209 silly get     via: '1.1 varnish',
209 silly get     'x-served-by': 'cache-sin18021-SIN',
209 silly get     'x-cache': 'HIT',
209 silly get     'x-cache-hits': '23',
209 silly get     'x-timer': 'S1504602057.294308,VS0,VE0',
209 silly get     vary: 'Accept-Encoding, Accept',
209 silly get     connection: 'Keep-Alive',
209 silly get     'content-encoding': 'gzip',
209 silly get     age: '268' } ]
210 verbose get saving async to C:\Users\DT213142\AppData\Roaming\npm-cache\registry.npmjs.org\async\.cache.json
211 verbose correctMkdir C:\Users\DT213142\AppData\Roaming\npm-cache correctMkdir not in flight; initializing
212 silly resolveWithNewModule async@0.2.10 checking installable status
213 silly cache add args [ 'async@0.2.x', null ]
214 verbose cache add spec async@0.2.x
215 silly cache add parsed spec Result {
215 silly cache add   raw: 'async@0.2.x',
215 silly cache add   scope: null,
215 silly cache add   escapedName: 'async',
215 silly cache add   name: 'async',
215 silly cache add   rawSpec: '0.2.x',
215 silly cache add   spec: '>=0.2.0 <0.3.0',
215 silly cache add   type: 'range' }
216 silly addNamed async@>=0.2.0 <0.3.0
217 verbose addNamed ">=0.2.0 <0.3.0" is a valid semver range for async
218 silly addNameRange { name: 'async', range: '>=0.2.0 <0.3.0', hasData: false }
219 silly mapToRegistry name async
220 silly mapToRegistry using default registry
221 silly mapToRegistry registry http://registry.npmjs.org/
222 silly mapToRegistry data Result {
222 silly mapToRegistry   raw: 'async',
222 silly mapToRegistry   scope: null,
222 silly mapToRegistry   escapedName: 'async',
222 silly mapToRegistry   name: 'async',
222 silly mapToRegistry   rawSpec: '',
222 silly mapToRegistry   spec: 'latest',
222 silly mapToRegistry   type: 'tag' }
223 silly mapToRegistry uri http://registry.npmjs.org/async
224 verbose addNameRange registry:http://registry.npmjs.org/async not in flight; fetching
225 verbose get http://registry.npmjs.org/async not expired, no request
226 silly addNameRange number 2 { name: 'async', range: '>=0.2.0 <0.3.0', hasData: true }
227 silly addNameRange versions [ 'async',
227 silly addNameRange   [ '0.1.0',
227 silly addNameRange     '0.1.1',
227 silly addNameRange     '0.1.2',
227 silly addNameRange     '0.1.3',
227 silly addNameRange     '0.1.4',
227 silly addNameRange     '0.1.5',
227 silly addNameRange     '0.1.6',
227 silly addNameRange     '0.1.7',
227 silly addNameRange     '0.1.8',
227 silly addNameRange     '0.1.9',
227 silly addNameRange     '0.1.10',
227 silly addNameRange     '0.1.11',
227 silly addNameRange     '0.1.12',
227 silly addNameRange     '0.1.13',
227 silly addNameRange     '0.1.14',
227 silly addNameRange     '0.1.15',
227 silly addNameRange     '0.1.16',
227 silly addNameRange     '0.1.17',
227 silly addNameRange     '0.1.18',
227 silly addNameRange     '0.1.19',
227 silly addNameRange     '0.1.20',
227 silly addNameRange     '0.1.21',
227 silly addNameRange     '0.1.22',
227 silly addNameRange     '0.2.0',
227 silly addNameRange     '0.2.1',
227 silly addNameRange     '0.2.2',
227 silly addNameRange     '0.2.3',
227 silly addNameRange     '0.2.4',
227 silly addNameRange     '0.2.5',
227 silly addNameRange     '0.2.6',
227 silly addNameRange     '0.2.7',
227 silly addNameRange     '0.2.8',
227 silly addNameRange     '0.2.9',
227 silly addNameRange     '0.2.10',
227 silly addNameRange     '0.3.0',
227 silly addNameRange     '0.4.0',
227 silly addNameRange     '0.4.1',
227 silly addNameRange     '0.5.0',
227 silly addNameRange     '0.6.0',
227 silly addNameRange     '0.6.1',
227 silly addNameRange     '0.6.2',
227 silly addNameRange     '0.7.0',
227 silly addNameRange     '0.8.0',
227 silly addNameRange     '0.9.0',
227 silly addNameRange     '0.9.2',
227 silly addNameRange     '1.0.0',
227 silly addNameRange     '1.1.0',
227 silly addNameRange     '1.2.0',
227 silly addNameRange     '1.1.1',
227 silly addNameRange     '1.2.1',
227 silly addNameRange     '1.3.0',
227 silly addNameRange     '1.4.0',
227 silly addNameRange     '1.4.1',
227 silly addNameRange     '1.4.2',
227 silly addNameRange     '1.5.0',
227 silly addNameRange     '1.5.1',
227 silly addNameRange     '1.5.2',
227 silly addNameRange     '2.0.0-alpha.0',
227 silly addNameRange     '2.0.0-rc.1',
227 silly addNameRange     '2.0.0-rc.2',
227 silly addNameRange     '2.0.0-rc.3',
227 silly addNameRange     '2.0.0-rc.4',
227 silly addNameRange     '2.0.0-rc.5',
227 silly addNameRange     '2.0.0-rc.6',
227 silly addNameRange     '2.0.0',
227 silly addNameRange     '2.0.1',
227 silly addNameRange     '2.1.0',
227 silly addNameRange     '2.1.1',
227 silly addNameRange     '2.1.2',
227 silly addNameRange     '2.1.4',
227 silly addNameRange     '2.1.5',
227 silly addNameRange     '2.2.0',
227 silly addNameRange     '2.3.0',
227 silly addNameRange     '2.4.0',
227 silly addNameRange     '2.4.1',
227 silly addNameRange     '2.5.0' ] ]
228 silly addNamed async@0.2.10
229 verbose addNamed "0.2.10" is a plain semver version for async
230 silly cache afterAdd async@0.2.10
231 verbose afterAdd C:\Users\DT213142\AppData\Roaming\npm-cache\async\0.2.10\package\package.json not in flight; writing
232 verbose correctMkdir C:\Users\DT213142\AppData\Roaming\npm-cache correctMkdir not in flight; initializing
233 http 200 http://registry.npmjs.org/sugar
234 verbose headers { server: 'nginx/1.10.3',
234 verbose headers   'content-type': 'application/json',
234 verbose headers   'last-modified': 'Thu, 15 Jun 2017 15:07:43 GMT',
234 verbose headers   etag: 'W/"5942a2bf-9db3"',
234 verbose headers   'cache-control': 'max-age=300',
234 verbose headers   'content-length': '7392',
234 verbose headers   'accept-ranges': 'bytes',
234 verbose headers   date: 'Tue, 05 Sep 2017 09:00:57 GMT',
234 verbose headers   via: '1.1 varnish',
234 verbose headers   'x-served-by': 'cache-sin18027-SIN',
234 verbose headers   'x-cache': 'HIT',
234 verbose headers   'x-cache-hits': '1',
234 verbose headers   'x-timer': 'S1504602057.301343,VS0,VE219',
234 verbose headers   vary: 'Accept-Encoding, Accept',
234 verbose headers   connection: 'Keep-Alive',
234 verbose headers   'content-encoding': 'gzip',
234 verbose headers   age: '1' }
235 silly get cb [ 200,
235 silly get   { server: 'nginx/1.10.3',
235 silly get     'content-type': 'application/json',
235 silly get     'last-modified': 'Thu, 15 Jun 2017 15:07:43 GMT',
235 silly get     etag: 'W/"5942a2bf-9db3"',
235 silly get     'cache-control': 'max-age=300',
235 silly get     'content-length': '7392',
235 silly get     'accept-ranges': 'bytes',
235 silly get     date: 'Tue, 05 Sep 2017 09:00:57 GMT',
235 silly get     via: '1.1 varnish',
235 silly get     'x-served-by': 'cache-sin18027-SIN',
235 silly get     'x-cache': 'HIT',
235 silly get     'x-cache-hits': '1',
235 silly get     'x-timer': 'S1504602057.301343,VS0,VE219',
235 silly get     vary: 'Accept-Encoding, Accept',
235 silly get     connection: 'Keep-Alive',
235 silly get     'content-encoding': 'gzip',
235 silly get     age: '1' } ]
236 verbose get saving sugar to C:\Users\DT213142\AppData\Roaming\npm-cache\registry.npmjs.org\sugar\.cache.json
237 verbose correctMkdir C:\Users\DT213142\AppData\Roaming\npm-cache correctMkdir not in flight; initializing
238 verbose afterAdd C:\Users\DT213142\AppData\Roaming\npm-cache\async\0.2.10\package\package.json written
239 silly resolveWithNewModule sugar@1.3.8 checking installable status
240 silly cache add args [ 'sugar@1.3.8', null ]
241 verbose cache add spec sugar@1.3.8
242 silly cache add parsed spec Result {
242 silly cache add   raw: 'sugar@1.3.8',
242 silly cache add   scope: null,
242 silly cache add   escapedName: 'sugar',
242 silly cache add   name: 'sugar',
242 silly cache add   rawSpec: '1.3.8',
242 silly cache add   spec: '1.3.8',
242 silly cache add   type: 'version' }
243 silly addNamed sugar@1.3.8
244 verbose addNamed "1.3.8" is a plain semver version for sugar
245 silly mapToRegistry name sugar
246 silly mapToRegistry using default registry
247 silly mapToRegistry registry http://registry.npmjs.org/
248 silly mapToRegistry data Result {
248 silly mapToRegistry   raw: 'sugar',
248 silly mapToRegistry   scope: null,
248 silly mapToRegistry   escapedName: 'sugar',
248 silly mapToRegistry   name: 'sugar',
248 silly mapToRegistry   rawSpec: '',
248 silly mapToRegistry   spec: 'latest',
248 silly mapToRegistry   type: 'tag' }
249 silly mapToRegistry uri http://registry.npmjs.org/sugar
250 verbose addNameVersion registry:http://registry.npmjs.org/sugar not in flight; fetching
251 verbose get http://registry.npmjs.org/sugar not expired, no request
252 silly cache afterAdd sugar@1.3.8
253 verbose afterAdd C:\Users\DT213142\AppData\Roaming\npm-cache\sugar\1.3.8\package\package.json not in flight; writing
254 verbose correctMkdir C:\Users\DT213142\AppData\Roaming\npm-cache correctMkdir not in flight; initializing
255 http 200 http://registry.npmjs.org/commander
256 verbose headers { server: 'nginx/1.10.3',
256 verbose headers   'content-type': 'application/json',
256 verbose headers   'last-modified': 'Mon, 04 Sep 2017 11:42:39 GMT',
256 verbose headers   etag: 'W/"59ad3c2f-115d6"',
256 verbose headers   'cache-control': 'max-age=300',
256 verbose headers   'content-length': '14297',
256 verbose headers   'accept-ranges': 'bytes',
256 verbose headers   date: 'Tue, 05 Sep 2017 09:00:57 GMT',
256 verbose headers   via: '1.1 varnish',
256 verbose headers   'x-served-by': 'cache-sin18024-SIN',
256 verbose headers   'x-cache': 'HIT',
256 verbose headers   'x-cache-hits': '143',
256 verbose headers   'x-timer': 'S1504602057.314172,VS0,VE0',
256 verbose headers   vary: 'Accept-Encoding, Accept',
256 verbose headers   connection: 'Keep-Alive',
256 verbose headers   'content-encoding': 'gzip',
256 verbose headers   age: '285' }
257 silly get cb [ 200,
257 silly get   { server: 'nginx/1.10.3',
257 silly get     'content-type': 'application/json',
257 silly get     'last-modified': 'Mon, 04 Sep 2017 11:42:39 GMT',
257 silly get     etag: 'W/"59ad3c2f-115d6"',
257 silly get     'cache-control': 'max-age=300',
257 silly get     'content-length': '14297',
257 silly get     'accept-ranges': 'bytes',
257 silly get     date: 'Tue, 05 Sep 2017 09:00:57 GMT',
257 silly get     via: '1.1 varnish',
257 silly get     'x-served-by': 'cache-sin18024-SIN',
257 silly get     'x-cache': 'HIT',
257 silly get     'x-cache-hits': '143',
257 silly get     'x-timer': 'S1504602057.314172,VS0,VE0',
257 silly get     vary: 'Accept-Encoding, Accept',
257 silly get     connection: 'Keep-Alive',
257 silly get     'content-encoding': 'gzip',
257 silly get     age: '285' } ]
258 verbose get saving commander to C:\Users\DT213142\AppData\Roaming\npm-cache\registry.npmjs.org\commander\.cache.json
259 verbose correctMkdir C:\Users\DT213142\AppData\Roaming\npm-cache correctMkdir not in flight; initializing
260 verbose afterAdd C:\Users\DT213142\AppData\Roaming\npm-cache\sugar\1.3.8\package\package.json written
261 silly resolveWithNewModule commander@1.1.1 checking installable status
262 silly cache add args [ 'commander@1.1.x', null ]
263 verbose cache add spec commander@1.1.x
264 silly cache add parsed spec Result {
264 silly cache add   raw: 'commander@1.1.x',
264 silly cache add   scope: null,
264 silly cache add   escapedName: 'commander',
264 silly cache add   name: 'commander',
264 silly cache add   rawSpec: '1.1.x',
264 silly cache add   spec: '>=1.1.0 <1.2.0',
264 silly cache add   type: 'range' }
265 silly addNamed commander@>=1.1.0 <1.2.0
266 verbose addNamed ">=1.1.0 <1.2.0" is a valid semver range for commander
267 silly addNameRange { name: 'commander', range: '>=1.1.0 <1.2.0', hasData: false }
268 silly mapToRegistry name commander
269 silly mapToRegistry using default registry
270 silly mapToRegistry registry http://registry.npmjs.org/
271 silly mapToRegistry data Result {
271 silly mapToRegistry   raw: 'commander',
271 silly mapToRegistry   scope: null,
271 silly mapToRegistry   escapedName: 'commander',
271 silly mapToRegistry   name: 'commander',
271 silly mapToRegistry   rawSpec: '',
271 silly mapToRegistry   spec: 'latest',
271 silly mapToRegistry   type: 'tag' }
272 silly mapToRegistry uri http://registry.npmjs.org/commander
273 verbose addNameRange registry:http://registry.npmjs.org/commander not in flight; fetching
274 verbose get http://registry.npmjs.org/commander not expired, no request
275 silly addNameRange number 2 { name: 'commander', range: '>=1.1.0 <1.2.0', hasData: true }
276 silly addNameRange versions [ 'commander',
276 silly addNameRange   [ '0.0.1',
276 silly addNameRange     '0.0.3',
276 silly addNameRange     '0.0.4',
276 silly addNameRange     '0.0.5',
276 silly addNameRange     '0.1.0',
276 silly addNameRange     '0.2.0',
276 silly addNameRange     '0.2.1',
276 silly addNameRange     '0.3.0',
276 silly addNameRange     '0.3.1',
276 silly addNameRange     '0.3.2',
276 silly addNameRange     '0.3.3',
276 silly addNameRange     '0.4.0',
276 silly addNameRange     '0.4.1',
276 silly addNameRange     '0.4.2',
276 silly addNameRange     '0.4.3',
276 silly addNameRange     '0.5.0',
276 silly addNameRange     '0.5.1',
276 silly addNameRange     '0.6.0',
276 silly addNameRange     '0.6.1',
276 silly addNameRange     '0.5.2',
276 silly addNameRange     '1.0.0',
276 silly addNameRange     '1.0.1',
276 silly addNameRange     '1.0.2',
276 silly addNameRange     '1.0.3',
276 silly addNameRange     '1.0.4',
276 silly addNameRange     '1.0.5',
276 silly addNameRange     '1.1.0',
276 silly addNameRange     '1.1.1',
276 silly addNameRange     '1.2.0',
276 silly addNameRange     '1.3.0',
276 silly addNameRange     '1.3.1',
276 silly addNameRange     '1.3.2',
276 silly addNameRange     '2.0.0',
276 silly addNameRange     '2.1.0',
276 silly addNameRange     '2.2.0',
276 silly addNameRange     '2.3.0',
276 silly addNameRange     '2.4.0',
276 silly addNameRange     '2.5.0',
276 silly addNameRange     '2.5.1',
276 silly addNameRange     '2.6.0',
276 silly addNameRange     '2.7.0',
276 silly addNameRange     '2.7.1',
276 silly addNameRange     '2.8.0',
276 silly addNameRange     '2.8.1',
276 silly addNameRange     '2.9.0',
276 silly addNameRange     '2.10.0',
276 silly addNameRange     '2.11.0' ] ]
277 silly addNamed commander@1.1.1
278 verbose addNamed "1.1.1" is a plain semver version for commander
279 silly cache afterAdd commander@1.1.1
280 verbose afterAdd C:\Users\DT213142\AppData\Roaming\npm-cache\commander\1.1.1\package\package.json not in flight; writing
281 verbose correctMkdir C:\Users\DT213142\AppData\Roaming\npm-cache correctMkdir not in flight; initializing
282 verbose afterAdd C:\Users\DT213142\AppData\Roaming\npm-cache\commander\1.1.1\package\package.json written
283 error git clone --template=C:\Users\DT213142\AppData\Roaming\npm-cache\_git-remotes\_templates --mirror git://github.com/bluesmoon/node-faststats.git C:\Users\DT213142\AppData\Roaming\npm-cache\_git-remotes\git-github-com-bluesmoon-node-faststats-git-d01388a3: Cloning into bare repository 'C:\Users\DT213142\AppData\Roaming\npm-cache\_git-remotes\git-github-com-bluesmoon-node-faststats-git-d01388a3'...
283 error git clone --template=C:\Users\DT213142\AppData\Roaming\npm-cache\_git-remotes\_templates --mirror git://github.com/bluesmoon/node-faststats.git C:\Users\DT213142\AppData\Roaming\npm-cache\_git-remotes\git-github-com-bluesmoon-node-faststats-git-d01388a3: fatal: unable to connect to github.com:
283 error git clone --template=C:\Users\DT213142\AppData\Roaming\npm-cache\_git-remotes\_templates --mirror git://github.com/bluesmoon/node-faststats.git C:\Users\DT213142\AppData\Roaming\npm-cache\_git-remotes\git-github-com-bluesmoon-node-faststats-git-d01388a3: github.com[0: 192.30.253.113]: errno=No error
283 error git clone --template=C:\Users\DT213142\AppData\Roaming\npm-cache\_git-remotes\_templates --mirror git://github.com/bluesmoon/node-faststats.git C:\Users\DT213142\AppData\Roaming\npm-cache\_git-remotes\git-github-com-bluesmoon-node-faststats-git-d01388a3: github.com[1: 192.30.253.112]: errno=No error
284 silly fetchPackageMetaData Error: Command failed: git -c core.longpaths=true clone --template=C:\Users\DT213142\AppData\Roaming\npm-cache\_git-remotes\_templates --mirror git://github.com/bluesmoon/node-faststats.git C:\Users\DT213142\AppData\Roaming\npm-cache\_git-remotes\git-github-com-bluesmoon-node-faststats-git-d01388a3
284 silly fetchPackageMetaData Cloning into bare repository 'C:\Users\DT213142\AppData\Roaming\npm-cache\_git-remotes\git-github-com-bluesmoon-node-faststats-git-d01388a3'...
284 silly fetchPackageMetaData fatal: unable to connect to github.com:
284 silly fetchPackageMetaData github.com[0: 192.30.253.113]: errno=No error
284 silly fetchPackageMetaData github.com[1: 192.30.253.112]: errno=No error
284 silly fetchPackageMetaData
284 silly fetchPackageMetaData
284 silly fetchPackageMetaData     at ChildProcess.exithandler (child_process.js:206:12)
284 silly fetchPackageMetaData     at emitTwo (events.js:106:13)
284 silly fetchPackageMetaData     at ChildProcess.emit (events.js:191:7)
284 silly fetchPackageMetaData     at maybeClose (internal/child_process.js:877:16)
284 silly fetchPackageMetaData     at Process.ChildProcess._handle.onexit (internal/child_process.js:226:5)
284 silly fetchPackageMetaData  error for fast-stats@git://github.com/bluesmoon/node-faststats.git { Error: Command failed: git -c core.longpaths=true clone --template=C:\Users\DT213142\AppData\Roaming\npm-cache\_git-remotes\_templates --mirror git://github.com/bluesmoon/node-faststats.git C:\Users\DT213142\AppData\Roaming\npm-cache\_git-remotes\git-github-com-bluesmoon-node-faststats-git-d01388a3
284 silly fetchPackageMetaData Cloning into bare repository 'C:\Users\DT213142\AppData\Roaming\npm-cache\_git-remotes\git-github-com-bluesmoon-node-faststats-git-d01388a3'...
284 silly fetchPackageMetaData fatal: unable to connect to github.com:
284 silly fetchPackageMetaData github.com[0: 192.30.253.113]: errno=No error
284 silly fetchPackageMetaData github.com[1: 192.30.253.112]: errno=No error
284 silly fetchPackageMetaData
284 silly fetchPackageMetaData
284 silly fetchPackageMetaData     at ChildProcess.exithandler (child_process.js:206:12)
284 silly fetchPackageMetaData     at emitTwo (events.js:106:13)
284 silly fetchPackageMetaData     at ChildProcess.emit (events.js:191:7)
284 silly fetchPackageMetaData     at maybeClose (internal/child_process.js:877:16)
284 silly fetchPackageMetaData     at Process.ChildProcess._handle.onexit (internal/child_process.js:226:5)
284 silly fetchPackageMetaData   killed: false,
284 silly fetchPackageMetaData   code: 128,
284 silly fetchPackageMetaData   signal: null,
284 silly fetchPackageMetaData   cmd: 'git -c core.longpaths=true clone --template=C:\\Users\\DT213142\\AppData\\Roaming\\npm-cache\\_git-remotes\\_templates --mirror git://github.com/bluesmoon/node-faststats.git C:\\Users\\DT213142\\AppData\\Roaming\\npm-cache\\_git-remotes\\git-github-com-bluesmoon-node-faststats-git-d01388a3' }
285 error git clone --template=C:\Users\DT213142\AppData\Roaming\npm-cache\_git-remotes\_templates --mirror git://github.com/3rd-Eden/ws.git C:\Users\DT213142\AppData\Roaming\npm-cache\_git-remotes\git-github-com-3rd-Eden-ws-git-2e9f11e5: Cloning into bare repository 'C:\Users\DT213142\AppData\Roaming\npm-cache\_git-remotes\git-github-com-3rd-Eden-ws-git-2e9f11e5'...
285 error git clone --template=C:\Users\DT213142\AppData\Roaming\npm-cache\_git-remotes\_templates --mirror git://github.com/3rd-Eden/ws.git C:\Users\DT213142\AppData\Roaming\npm-cache\_git-remotes\git-github-com-3rd-Eden-ws-git-2e9f11e5: fatal: unable to connect to github.com:
285 error git clone --template=C:\Users\DT213142\AppData\Roaming\npm-cache\_git-remotes\_templates --mirror git://github.com/3rd-Eden/ws.git C:\Users\DT213142\AppData\Roaming\npm-cache\_git-remotes\git-github-com-3rd-Eden-ws-git-2e9f11e5: github.com[0: 192.30.253.113]: errno=No error
285 error git clone --template=C:\Users\DT213142\AppData\Roaming\npm-cache\_git-remotes\_templates --mirror git://github.com/3rd-Eden/ws.git C:\Users\DT213142\AppData\Roaming\npm-cache\_git-remotes\git-github-com-3rd-Eden-ws-git-2e9f11e5: github.com[1: 192.30.253.112]: errno=No error
286 silly fetchPackageMetaData Error: Command failed: git -c core.longpaths=true clone --template=C:\Users\DT213142\AppData\Roaming\npm-cache\_git-remotes\_templates --mirror git://github.com/3rd-Eden/ws.git C:\Users\DT213142\AppData\Roaming\npm-cache\_git-remotes\git-github-com-3rd-Eden-ws-git-2e9f11e5
286 silly fetchPackageMetaData Cloning into bare repository 'C:\Users\DT213142\AppData\Roaming\npm-cache\_git-remotes\git-github-com-3rd-Eden-ws-git-2e9f11e5'...
286 silly fetchPackageMetaData fatal: unable to connect to github.com:
286 silly fetchPackageMetaData github.com[0: 192.30.253.113]: errno=No error
286 silly fetchPackageMetaData github.com[1: 192.30.253.112]: errno=No error
286 silly fetchPackageMetaData
286 silly fetchPackageMetaData
286 silly fetchPackageMetaData     at ChildProcess.exithandler (child_process.js:206:12)
286 silly fetchPackageMetaData     at emitTwo (events.js:106:13)
286 silly fetchPackageMetaData     at ChildProcess.emit (events.js:191:7)
286 silly fetchPackageMetaData     at maybeClose (internal/child_process.js:877:16)
286 silly fetchPackageMetaData     at Socket.<anonymous> (internal/child_process.js:334:11)
286 silly fetchPackageMetaData     at emitOne (events.js:96:13)
286 silly fetchPackageMetaData     at Socket.emit (events.js:188:7)
286 silly fetchPackageMetaData     at Pipe._handle.close [as _onclose] (net.js:498:12)
286 silly fetchPackageMetaData  error for ws@git://github.com/3rd-Eden/ws.git { Error: Command failed: git -c core.longpaths=true clone --template=C:\Users\DT213142\AppData\Roaming\npm-cache\_git-remotes\_templates --mirror git://github.com/3rd-Eden/ws.git C:\Users\DT213142\AppData\Roaming\npm-cache\_git-remotes\git-github-com-3rd-Eden-ws-git-2e9f11e5
286 silly fetchPackageMetaData Cloning into bare repository 'C:\Users\DT213142\AppData\Roaming\npm-cache\_git-remotes\git-github-com-3rd-Eden-ws-git-2e9f11e5'...
286 silly fetchPackageMetaData fatal: unable to connect to github.com:
286 silly fetchPackageMetaData github.com[0: 192.30.253.113]: errno=No error
286 silly fetchPackageMetaData github.com[1: 192.30.253.112]: errno=No error
286 silly fetchPackageMetaData
286 silly fetchPackageMetaData
286 silly fetchPackageMetaData     at ChildProcess.exithandler (child_process.js:206:12)
286 silly fetchPackageMetaData     at emitTwo (events.js:106:13)
286 silly fetchPackageMetaData     at ChildProcess.emit (events.js:191:7)
286 silly fetchPackageMetaData     at maybeClose (internal/child_process.js:877:16)
286 silly fetchPackageMetaData     at Socket.<anonymous> (internal/child_process.js:334:11)
286 silly fetchPackageMetaData     at emitOne (events.js:96:13)
286 silly fetchPackageMetaData     at Socket.emit (events.js:188:7)
286 silly fetchPackageMetaData     at Pipe._handle.close [as _onclose] (net.js:498:12)
286 silly fetchPackageMetaData   killed: false,
286 silly fetchPackageMetaData   code: 128,
286 silly fetchPackageMetaData   signal: null,
286 silly fetchPackageMetaData   cmd: 'git -c core.longpaths=true clone --template=C:\\Users\\DT213142\\AppData\\Roaming\\npm-cache\\_git-remotes\\_templates --mirror git://github.com/3rd-Eden/ws.git C:\\Users\\DT213142\\AppData\\Roaming\\npm-cache\\_git-remotes\\git-github-com-3rd-Eden-ws-git-2e9f11e5' }
287 silly rollbackFailedOptional Starting
288 silly rollbackFailedOptional Finishing
289 silly runTopLevelLifecycles Finishing
290 silly install printInstalled
291 verbose stack Error: Command failed: git -c core.longpaths=true clone --template=C:\Users\DT213142\AppData\Roaming\npm-cache\_git-remotes\_templates --mirror git://github.com/bluesmoon/node-faststats.git C:\Users\DT213142\AppData\Roaming\npm-cache\_git-remotes\git-github-com-bluesmoon-node-faststats-git-d01388a3
291 verbose stack Cloning into bare repository 'C:\Users\DT213142\AppData\Roaming\npm-cache\_git-remotes\git-github-com-bluesmoon-node-faststats-git-d01388a3'...
291 verbose stack fatal: unable to connect to github.com:
291 verbose stack github.com[0: 192.30.253.113]: errno=No error
291 verbose stack github.com[1: 192.30.253.112]: errno=No error
291 verbose stack
291 verbose stack
291 verbose stack     at ChildProcess.exithandler (child_process.js:206:12)
291 verbose stack     at emitTwo (events.js:106:13)
291 verbose stack     at ChildProcess.emit (events.js:191:7)
291 verbose stack     at maybeClose (internal/child_process.js:877:16)
291 verbose stack     at Process.ChildProcess._handle.onexit (internal/child_process.js:226:5)
292 verbose cwd C:\workspace\gopath\src\github.com\saspallow\gonews\pkg\app
293 error Windows_NT 6.1.7601
294 error argv "D:\\Surasak\\program\\node-v6.10.0-win-x64\\node.exe" "D:\\Surasak\\program\\node-v6.10.0-win-x64\\node_modules\\npm\\bin\\npm-cli.js" "install" "-g" "thor"
295 error node v6.10.0
296 error npm  v3.10.10
297 error code 128
298 error Command failed: git -c core.longpaths=true clone --template=C:\Users\DT213142\AppData\Roaming\npm-cache\_git-remotes\_templates --mirror git://github.com/bluesmoon/node-faststats.git C:\Users\DT213142\AppData\Roaming\npm-cache\_git-remotes\git-github-com-bluesmoon-node-faststats-git-d01388a3
298 error Cloning into bare repository 'C:\Users\DT213142\AppData\Roaming\npm-cache\_git-remotes\git-github-com-bluesmoon-node-faststats-git-d01388a3'...
298 error fatal: unable to connect to github.com:
298 error github.com[0: 192.30.253.113]: errno=No error
298 error github.com[1: 192.30.253.112]: errno=No error
299 error If you need help, you may report this error at:
299 error     <https://github.com/npm/npm/issues>
300 verbose exit [ 1, true ]
